\BOOKMARK [0][-]{chapter*.1}{Preface}{}% 1
\BOOKMARK [0][-]{chapter*.2}{Feedback about the text}{}% 2
\BOOKMARK [0][-]{chapter*.3}{CLP3 at Manchester Met}{}% 3
\BOOKMARK [0][-]{chapter.1}{Vectors and Geometry in Two and Three Dimensions}{}% 4
\BOOKMARK [1][-]{section.1.1}{Points}{chapter.1}% 5
\BOOKMARK [1][-]{section.1.2}{Vectors}{chapter.1}% 6
\BOOKMARK [1][-]{section.1.3}{Equations of Lines in 2d}{chapter.1}% 7
\BOOKMARK [1][-]{section.1.4}{Equations of Planes in 3d}{chapter.1}% 8
\BOOKMARK [1][-]{section.1.5}{Equations of Lines in 3d}{chapter.1}% 9
\BOOKMARK [1][-]{section.1.6}{Curves and their Tangent Vectors}{chapter.1}% 10
\BOOKMARK [1][-]{section.1.7}{Sketching Surfaces in 3d}{chapter.1}% 11
\BOOKMARK [1][-]{section.1.8}{Cylinders}{chapter.1}% 12
\BOOKMARK [1][-]{section.1.9}{Quadric Surfaces}{chapter.1}% 13
\BOOKMARK [0][-]{chapter.2}{Partial Derivatives}{}% 14
\BOOKMARK [1][-]{section.2.1}{Limits}{chapter.2}% 15
\BOOKMARK [1][-]{section.2.2}{Partial Derivatives}{chapter.2}% 16
\BOOKMARK [1][-]{section.2.3}{Higher Order Derivatives}{chapter.2}% 17
\BOOKMARK [1][-]{section.2.4}{The Chain Rule}{chapter.2}% 18
\BOOKMARK [1][-]{section.2.5}{Tangent Planes and Normal Lines}{chapter.2}% 19
\BOOKMARK [1][-]{section.2.6}{Linear Approximations and Error}{chapter.2}% 20
\BOOKMARK [1][-]{section.2.7}{Directional Derivatives and the Gradient}{chapter.2}% 21
\BOOKMARK [1][-]{section.2.8}{A First Look at Partial Differential Equations}{chapter.2}% 22
\BOOKMARK [1][-]{section.2.9}{Maximum and Minimum Values}{chapter.2}% 23
\BOOKMARK [1][-]{section.2.10}{Lagrange Multipliers}{chapter.2}% 24
\BOOKMARK [0][-]{chapter.3}{Multiple Integrals}{}% 25
\BOOKMARK [1][-]{section.3.1}{Double Integrals}{chapter.3}% 26
\BOOKMARK [1][-]{section.3.2}{Double Integrals in Polar Coordinates}{chapter.3}% 27
\BOOKMARK [1][-]{section.3.3}{Applications of Double Integrals}{chapter.3}% 28
\BOOKMARK [1][-]{section.3.4}{Surface Area}{chapter.3}% 29
\BOOKMARK [1][-]{section.3.5}{Triple Integrals}{chapter.3}% 30
\BOOKMARK [1][-]{section.3.6}{Triple Integrals in Cylindrical Coordinates}{chapter.3}% 31
\BOOKMARK [1][-]{section.3.7}{Triple Integrals in Spherical Coordinates}{chapter.3}% 32
\BOOKMARK [1][-]{section.3.8}{Green's Theorem}{chapter.3}% 33
\BOOKMARK [1][-]{section.3.9}{Optional\204 Integrals in General Coordinates}{chapter.3}% 34
\BOOKMARK [0][-]{appendix.A}{Appendices}{}% 35
\BOOKMARK [1][-]{section.A.1}{Trigonometry}{appendix.A}% 36
\BOOKMARK [1][-]{section.A.2}{Powers and Logarithms}{appendix.A}% 37
\BOOKMARK [1][-]{section.A.3}{Table of Derivatives}{appendix.A}% 38
\BOOKMARK [1][-]{section.A.4}{Table of Integrals}{appendix.A}% 39
\BOOKMARK [1][-]{section.A.5}{Table of Taylor Expansions}{appendix.A}% 40
\BOOKMARK [1][-]{section.A.6}{3d Coordinate Systems}{appendix.A}% 41
\BOOKMARK [1][-]{section.A.7}{ISO Coordinate System Notation}{appendix.A}% 42
\BOOKMARK [1][-]{section.A.8}{Conic Sections and Quadric Surfaces}{appendix.A}% 43
\BOOKMARK [0][-]{appendix.B}{Hints for Exercises}{}% 44
\BOOKMARK [0][-]{appendix.C}{Answers to Exercises}{}% 45
\BOOKMARK [0][-]{appendix.D}{Solutions to Exercises}{}% 46
