\BOOKMARK [0][-]{chapter*.1}{How to use this book}{}% 1
\BOOKMARK [-1][-]{part.1}{I The questions}{}% 2
\BOOKMARK [0][-]{chapter.1}{Vectors and Geometry in Two and Three Dimensions}{part.1}% 3
\BOOKMARK [1][-]{section.1.1}{Points}{chapter.1}% 4
\BOOKMARK [1][-]{section.1.2}{Vectors}{chapter.1}% 5
\BOOKMARK [1][-]{section.1.3}{Equations of Lines in 2d}{chapter.1}% 6
\BOOKMARK [1][-]{section.1.4}{Equations of Planes in 3d}{chapter.1}% 7
\BOOKMARK [1][-]{section.1.5}{Equations of Lines in 3d}{chapter.1}% 8
\BOOKMARK [1][-]{section.1.6}{Curves and their Tangent Vectors}{chapter.1}% 9
\BOOKMARK [1][-]{section.1.7}{Sketching Surfaces in 3d}{chapter.1}% 10
\BOOKMARK [0][-]{chapter.2}{Partial Derivatives}{part.1}% 11
\BOOKMARK [1][-]{section.2.1}{Limits}{chapter.2}% 12
\BOOKMARK [1][-]{section.2.2}{Partial Derivatives}{chapter.2}% 13
\BOOKMARK [1][-]{section.2.3}{Higher Order Derivatives}{chapter.2}% 14
\BOOKMARK [1][-]{section.2.4}{The Chain Rule}{chapter.2}% 15
\BOOKMARK [1][-]{section.2.5}{Tangent Planes and Normal Lines}{chapter.2}% 16
\BOOKMARK [1][-]{section.2.6}{Linear Approximations and Error}{chapter.2}% 17
\BOOKMARK [1][-]{section.2.7}{Directional Derivatives and the Gradient}{chapter.2}% 18
\BOOKMARK [1][-]{section.2.8}{A First Look at Partial Diferential Equations}{chapter.2}% 19
\BOOKMARK [1][-]{section.2.9}{Maximum and Minimum Values}{chapter.2}% 20
\BOOKMARK [1][-]{section.2.10}{Lagrange Multipliers}{chapter.2}% 21
\BOOKMARK [0][-]{chapter.3}{Multiple Integrals}{part.1}% 22
\BOOKMARK [1][-]{section.3.1}{Double Integrals}{chapter.3}% 23
\BOOKMARK [1][-]{section.3.2}{Double Integrals in Polar Coordinates}{chapter.3}% 24
\BOOKMARK [1][-]{section.3.3}{Applications of Double Integrals}{chapter.3}% 25
\BOOKMARK [1][-]{section.3.4}{Surface Area}{chapter.3}% 26
\BOOKMARK [1][-]{section.3.5}{Triple Integrals}{chapter.3}% 27
\BOOKMARK [1][-]{section.3.6}{Triple Integrals in Cylindrical Coordinates}{chapter.3}% 28
\BOOKMARK [1][-]{section.3.7}{Triple Integrals in Spherical Coordinates}{chapter.3}% 29
\BOOKMARK [-1][-]{part.2}{II Hints to problems}{}% 30
\BOOKMARK [0][-]{section*.5}{1.1 \040 Points}{part.2}% 31
\BOOKMARK [1][-]{section*.6}{1.2 \040 Vectors}{section*.5}% 32
\BOOKMARK [1][-]{section*.7}{1.3 \040 Equations of Lines in 2d}{section*.5}% 33
\BOOKMARK [1][-]{section*.8}{1.4 \040 Equations of Planes in 3d}{section*.5}% 34
\BOOKMARK [1][-]{section*.9}{1.5 \040 Equations of Lines in 3d}{section*.5}% 35
\BOOKMARK [1][-]{section*.10}{1.6 \040 Curves and their Tangent Vectors}{section*.5}% 36
\BOOKMARK [1][-]{section*.11}{1.7 \040 Sketching Surfaces in 3d}{section*.5}% 37
\BOOKMARK [1][-]{section*.12}{2.1 \040 Limits}{section*.5}% 38
\BOOKMARK [1][-]{section*.13}{2.2 \040 Partial Derivatives}{section*.5}% 39
\BOOKMARK [1][-]{section*.14}{2.3 \040 Higher Order Derivatives}{section*.5}% 40
\BOOKMARK [1][-]{section*.15}{2.4 \040 The Chain Rule}{section*.5}% 41
\BOOKMARK [1][-]{section*.17}{2.5 \040 Tangent Planes and Normal Lines}{section*.5}% 42
\BOOKMARK [1][-]{section*.18}{2.6 \040 Linear Approximations and Error}{section*.5}% 43
\BOOKMARK [1][-]{section*.19}{2.7 \040 Directional Derivatives and the Gradient}{section*.5}% 44
\BOOKMARK [1][-]{section*.20}{2.8 \040 A First Look at Partial Diferential Equations}{section*.5}% 45
\BOOKMARK [1][-]{section*.21}{2.9 \040 Maximum and Minimum Values}{section*.5}% 46
\BOOKMARK [1][-]{section*.22}{2.10 \040 Lagrange Multipliers}{section*.5}% 47
\BOOKMARK [1][-]{section*.23}{3.1 \040 Double Integrals}{section*.5}% 48
\BOOKMARK [1][-]{section*.24}{3.2 \040 Double Integrals in Polar Coordinates}{section*.5}% 49
\BOOKMARK [1][-]{section*.25}{3.3 \040 Applications of Double Integrals}{section*.5}% 50
\BOOKMARK [1][-]{section*.26}{3.4 \040 Surface Area}{section*.5}% 51
\BOOKMARK [1][-]{section*.27}{3.5 \040 Triple Integrals}{section*.5}% 52
\BOOKMARK [1][-]{section*.28}{3.6 \040 Triple Integrals in Cylindrical Coordinates}{section*.5}% 53
\BOOKMARK [1][-]{section*.29}{3.7 \040 Triple Integrals in Spherical Coordinates}{section*.5}% 54
\BOOKMARK [-1][-]{part.3}{III Answers to problems}{}% 55
\BOOKMARK [0][-]{section*.30}{1.1 \040 Points}{part.3}% 56
\BOOKMARK [1][-]{section*.31}{1.2 \040 Vectors}{section*.30}% 57
\BOOKMARK [1][-]{section*.42}{1.3 \040 Equations of Lines in 2d}{section*.30}% 58
\BOOKMARK [1][-]{section*.43}{1.4 \040 Equations of Planes in 3d}{section*.30}% 59
\BOOKMARK [1][-]{section*.44}{1.5 \040 Equations of Lines in 3d}{section*.30}% 60
\BOOKMARK [1][-]{section*.45}{1.6 \040 Curves and their Tangent Vectors}{section*.30}% 61
\BOOKMARK [1][-]{section*.46}{1.7 \040 Sketching Surfaces in 3d}{section*.30}% 62
\BOOKMARK [1][-]{section*.47}{2.1 \040 Limits}{section*.30}% 63
\BOOKMARK [1][-]{section*.48}{2.2 \040 Partial Derivatives}{section*.30}% 64
\BOOKMARK [1][-]{section*.49}{2.3 \040 Higher Order Derivatives}{section*.30}% 65
\BOOKMARK [1][-]{section*.50}{2.4 \040 The Chain Rule}{section*.30}% 66
\BOOKMARK [1][-]{section*.51}{2.5 \040 Tangent Planes and Normal Lines}{section*.30}% 67
\BOOKMARK [1][-]{section*.52}{2.6 \040 Linear Approximations and Error}{section*.30}% 68
\BOOKMARK [1][-]{section*.53}{2.7 \040 Directional Derivatives and the Gradient}{section*.30}% 69
\BOOKMARK [1][-]{section*.54}{2.8 \040 A First Look at Partial Diferential Equations}{section*.30}% 70
\BOOKMARK [1][-]{section*.55}{2.9 \040 Maximum and Minimum Values}{section*.30}% 71
\BOOKMARK [1][-]{section*.56}{2.10 \040 Lagrange Multipliers}{section*.30}% 72
\BOOKMARK [1][-]{section*.57}{3.1 \040 Double Integrals}{section*.30}% 73
\BOOKMARK [1][-]{section*.58}{3.2 \040 Double Integrals in Polar Coordinates}{section*.30}% 74
\BOOKMARK [1][-]{section*.59}{3.3 \040 Applications of Double Integrals}{section*.30}% 75
\BOOKMARK [1][-]{section*.60}{3.4 \040 Surface Area}{section*.30}% 76
\BOOKMARK [1][-]{section*.61}{3.5 \040 Triple Integrals}{section*.30}% 77
\BOOKMARK [1][-]{section*.62}{3.6 \040 Triple Integrals in Cylindrical Coordinates}{section*.30}% 78
\BOOKMARK [1][-]{section*.63}{3.7 \040 Triple Integrals in Spherical Coordinates}{section*.30}% 79
\BOOKMARK [-1][-]{part.4}{IV Solutions to problems}{}% 80
\BOOKMARK [0][-]{section*.64}{1.1 \040 Points}{part.4}% 81
\BOOKMARK [1][-]{section*.65}{1.2 \040 Vectors}{section*.64}% 82
\BOOKMARK [1][-]{section*.112}{1.3 \040 Equations of Lines in 2d}{section*.64}% 83
\BOOKMARK [1][-]{section*.113}{1.4 \040 Equations of Planes in 3d}{section*.64}% 84
\BOOKMARK [1][-]{section*.118}{1.5 \040 Equations of Lines in 3d}{section*.64}% 85
\BOOKMARK [1][-]{section*.119}{1.6 \040 Curves and their Tangent Vectors}{section*.64}% 86
\BOOKMARK [1][-]{section*.120}{1.7 \040 Sketching Surfaces in 3d}{section*.64}% 87
\BOOKMARK [1][-]{section*.121}{2.1 \040 Limits}{section*.64}% 88
\BOOKMARK [1][-]{section*.122}{2.2 \040 Partial Derivatives}{section*.64}% 89
\BOOKMARK [1][-]{section*.128}{2.3 \040 Higher Order Derivatives}{section*.64}% 90
\BOOKMARK [1][-]{section*.129}{2.4 \040 The Chain Rule}{section*.64}% 91
\BOOKMARK [1][-]{section*.140}{2.5 \040 Tangent Planes and Normal Lines}{section*.64}% 92
\BOOKMARK [1][-]{section*.154}{2.6 \040 Linear Approximations and Error}{section*.64}% 93
\BOOKMARK [1][-]{section*.160}{2.7 \040 Directional Derivatives and the Gradient}{section*.64}% 94
\BOOKMARK [1][-]{section*.171}{2.8 \040 A First Look at Partial Diferential Equations}{section*.64}% 95
\BOOKMARK [1][-]{section*.172}{2.9 \040 Maximum and Minimum Values}{section*.64}% 96
\BOOKMARK [1][-]{section*.189}{2.10 \040 Lagrange Multipliers}{section*.64}% 97
\BOOKMARK [1][-]{section*.419}{3.1 \040 Double Integrals}{section*.64}% 98
\BOOKMARK [1][-]{section*.438}{3.2 \040 Double Integrals in Polar Coordinates}{section*.64}% 99
\BOOKMARK [1][-]{section*.439}{3.3 \040 Applications of Double Integrals}{section*.64}% 100
\BOOKMARK [1][-]{section*.440}{3.4 \040 Surface Area}{section*.64}% 101
\BOOKMARK [1][-]{section*.441}{3.5 \040 Triple Integrals}{section*.64}% 102
\BOOKMARK [1][-]{section*.443}{3.6 \040 Triple Integrals in Cylindrical Coordinates}{section*.64}% 103
\BOOKMARK [1][-]{section*.444}{3.7 \040 Triple Integrals in Spherical Coordinates}{section*.64}% 104
